<?xml version="1.0" encoding="UTF-8"?>
<testng-results skipped="0" failed="0" total="1" passed="1">
  <reporter-output>
  </reporter-output>
  <suite name="Default suite" duration-ms="62903" started-at="2020-07-29T08:09:22Z" finished-at="2020-07-29T08:10:25Z">
    <groups>
    </groups>
    <test name="Default test" duration-ms="62903" started-at="2020-07-29T08:09:22Z" finished-at="2020-07-29T08:10:25Z">
      <class name="com.actitime.testscripts.CreateCustomer">
        <test-method status="PASS" signature="openBrowser()[pri:0, instance:com.actitime.testscripts.CreateCustomer@649d209a]" name="openBrowser" is-config="true" duration-ms="6475" started-at="2020-07-29T13:39:22Z" finished-at="2020-07-29T13:39:28Z">
          <reporter-output>
          </reporter-output>
        </test-method> <!-- openBrowser -->
        <test-method status="PASS" signature="login()[pri:0, instance:com.actitime.testscripts.CreateCustomer@649d209a]" name="login" is-config="true" duration-ms="12075" started-at="2020-07-29T13:39:28Z" finished-at="2020-07-29T13:39:40Z">
          <reporter-output>
          </reporter-output>
        </test-method> <!-- login -->
        <test-method status="PASS" signature="testCreateCustomer()[pri:0, instance:com.actitime.testscripts.CreateCustomer@649d209a]" name="testCreateCustomer" duration-ms="40740" started-at="2020-07-29T13:39:40Z" finished-at="2020-07-29T13:40:21Z">
          <reporter-output>
          </reporter-output>
        </test-method> <!-- testCreateCustomer -->
        <test-method status="PASS" signature="logout()[pri:0, instance:com.actitime.testscripts.CreateCustomer@649d209a]" name="logout" is-config="true" duration-ms="3555" started-at="2020-07-29T13:40:21Z" finished-at="2020-07-29T13:40:25Z">
          <reporter-output>
          </reporter-output>
        </test-method> <!-- logout -->
        <test-method status="PASS" signature="closeBrowser()[pri:0, instance:com.actitime.testscripts.CreateCustomer@649d209a]" name="closeBrowser" is-config="true" duration-ms="44" started-at="2020-07-29T13:40:25Z" finished-at="2020-07-29T13:40:25Z">
          <reporter-output>
          </reporter-output>
        </test-method> <!-- closeBrowser -->
      </class> <!-- com.actitime.testscripts.CreateCustomer -->
    </test> <!-- Default test -->
  </suite> <!-- Default suite -->
</testng-results>
