<?xml version="1.0" encoding="UTF-8"?>
<testng-results skipped="0" failed="0" total="1" passed="1">
  <reporter-output>
  </reporter-output>
  <suite name="Default suite" duration-ms="44343" started-at="2020-07-17T09:01:42Z" finished-at="2020-07-17T09:02:26Z">
    <groups>
    </groups>
    <test name="Default test" duration-ms="44343" started-at="2020-07-17T09:01:42Z" finished-at="2020-07-17T09:02:26Z">
      <class name="Tyss.ScreenShot">
        <test-method status="PASS" signature="testScreenShot()[pri:0, instance:Tyss.ScreenShot@17d99928]" name="testScreenShot" duration-ms="44180" started-at="2020-07-17T14:31:42Z" finished-at="2020-07-17T14:32:26Z">
          <reporter-output>
          </reporter-output>
        </test-method> <!-- testScreenShot -->
      </class> <!-- Tyss.ScreenShot -->
    </test> <!-- Default test -->
  </suite> <!-- Default suite -->
</testng-results>
